<?xml version="1.0" encoding="UTF-8"?>
<!-- Generated by org.testng.reporters.JUnitXMLReporter -->
<testsuite ignored="0" hostname="TYSS-Akash-Deb" failures="0" tests="2" name="Default test" time="12.882" errors="0" timestamp="24 Feb 2024 06:03:24 GMT">
  <testcase classname="webElement.textbox.ToRegisterUserAndLoginUser" name="toRegisterUser" time="3.395"/>
  <testcase classname="webElement.textbox.ToRegisterUserAndLoginUser" name="toLoginUser" time="0.788"/>
</testsuite> <!-- Default test -->
