<?xml version="1.0" encoding="UTF-8"?>
<!-- Generated by org.testng.reporters.JUnitXMLReporter -->
<testsuite ignored="3" hostname="TYSS-Akash-Deb" failures="0" tests="2" name="Test" time="0.023" errors="0" timestamp="24 Feb 2024 06:30:41 GMT">
  <testcase classname="webElement.textbox.GroupExecution" name="test2" time="0.006"/>
  <testcase classname="webElement.textbox.GroupExecution" name="test5" time="0.001"/>
  <testcase classname="webElement.textbox.GroupExecution" name="test4" time="0.0">
    <ignored/>
  </testcase> <!-- test4 -->
  <testcase classname="webElement.textbox.GroupExecution" name="test3" time="0.0">
    <ignored/>
  </testcase> <!-- test3 -->
  <testcase classname="webElement.textbox.GroupExecution" name="test1" time="0.0">
    <ignored/>
  </testcase> <!-- test1 -->
</testsuite> <!-- Test -->
