<?xml version="1.0" encoding="UTF-8"?>
<testng-results ignored="3" total="5" passed="2" failed="0" skipped="0">
  <reporter-output>
  </reporter-output>
  <suite started-at="2024-02-24T06:30:41Z" name="Suite" finished-at="2024-02-24T06:30:41Z" duration-ms="23">
    <groups>
      <group name="regression">
        <method signature="GroupExecution.test2()[pri:0, instance:webElement.textbox.GroupExecution@50de186c]" name="test2" class="webElement.textbox.GroupExecution"/>
        <method signature="GroupExecution.test5()[pri:0, instance:webElement.textbox.GroupExecution@50de186c]" name="test5" class="webElement.textbox.GroupExecution"/>
      </group> <!-- regression -->
    </groups>
    <test started-at="2024-02-24T06:30:41Z" name="Test" finished-at="2024-02-24T06:30:41Z" duration-ms="23">
      <class name="webElement.textbox.GroupExecution">
        <test-method signature="test2()[pri:0, instance:webElement.textbox.GroupExecution@50de186c]" started-at="2024-02-24T06:30:41Z" name="test2" finished-at="2024-02-24T06:30:41Z" duration-ms="6" status="PASS">
          <reporter-output>
          </reporter-output>
        </test-method> <!-- test2 -->
        <test-method signature="test5()[pri:0, instance:webElement.textbox.GroupExecution@50de186c]" started-at="2024-02-24T06:30:41Z" name="test5" finished-at="2024-02-24T06:30:41Z" duration-ms="1" status="PASS">
          <reporter-output>
          </reporter-output>
        </test-method> <!-- test5 -->
      </class> <!-- webElement.textbox.GroupExecution -->
    </test> <!-- Test -->
  </suite> <!-- Suite -->
</testng-results>
